<?xml version="1.0" encoding="UTF-8"?>
<testng-results skipped="0" failed="0" ignored="0" total="1" passed="1">
  <reporter-output>
  </reporter-output>
  <suite name="Surefire suite" duration-ms="27247" started-at="2020-03-03T05:27:23Z" finished-at="2020-03-03T05:27:50Z">
    <groups>
      <group name="cucumber">
        <method signature="AbstractTestNGCucumberTests.runScenario(io.cucumber.testng.PickleWrapper, io.cucumber.testng.FeatureWrapper)[pri:0, instance:com.testRunner.TestRunner@3b81a1bc]" name="runScenario" class="io.cucumber.testng.AbstractTestNGCucumberTests"/>
      </group> <!-- cucumber -->
    </groups>
    <test name="Surefire test" duration-ms="27247" started-at="2020-03-03T05:27:23Z" finished-at="2020-03-03T05:27:50Z">
      <class name="com.testRunner.TestRunner">
        <test-method status="PASS" signature="setUpClass()[pri:0, instance:com.testRunner.TestRunner@3b81a1bc]" name="setUpClass" is-config="true" duration-ms="352" started-at="2020-03-03T05:27:23Z" finished-at="2020-03-03T05:27:23Z">
          <reporter-output>
          </reporter-output>
        </test-method> <!-- setUpClass -->
        <test-method status="PASS" signature="runScenario(io.cucumber.testng.PickleWrapper, io.cucumber.testng.FeatureWrapper)[pri:0, instance:com.testRunner.TestRunner@3b81a1bc]" name="runScenario" duration-ms="26053" started-at="2020-03-03T05:27:24Z" description="Runs Cucumber Scenarios" data-provider="scenarios" finished-at="2020-03-03T05:27:50Z">
          <params>
            <param index="0">
              <value>
                <![CDATA["create an account"]]>
              </value>
            </param>
            <param index="1">
              <value>
                <![CDATA["Registration"]]>
              </value>
            </param>
          </params>
          <reporter-output>
          </reporter-output>
        </test-method> <!-- runScenario -->
        <test-method status="PASS" signature="tearDownClass()[pri:0, instance:com.testRunner.TestRunner@3b81a1bc]" name="tearDownClass" is-config="true" duration-ms="640" started-at="2020-03-03T05:27:50Z" finished-at="2020-03-03T05:27:50Z">
          <reporter-output>
          </reporter-output>
        </test-method> <!-- tearDownClass -->
      </class> <!-- com.testRunner.TestRunner -->
    </test> <!-- Surefire test -->
  </suite> <!-- Surefire suite -->
</testng-results>
