<?xml version="1.0" encoding="UTF-8"?>
<testng-results skipped="0" failed="0" ignored="0" total="1" passed="1">
  <reporter-output>
  </reporter-output>
  <suite name="Default suite" duration-ms="27664" started-at="2020-02-29T12:38:54Z" finished-at="2020-02-29T12:39:22Z">
    <groups>
      <group name="cucumber">
        <method signature="AbstractTestNGCucumberTests.runScenario(io.cucumber.testng.PickleWrapper, io.cucumber.testng.FeatureWrapper)[pri:0, instance:com.testRunner.TestRunner@343f4d3d]" name="runScenario" class="io.cucumber.testng.AbstractTestNGCucumberTests"/>
      </group> <!-- cucumber -->
    </groups>
    <test name="Default test" duration-ms="27664" started-at="2020-02-29T12:38:54Z" finished-at="2020-02-29T12:39:22Z">
      <class name="com.testRunner.TestRunner">
        <test-method status="PASS" signature="setUpClass()[pri:0, instance:com.testRunner.TestRunner@343f4d3d]" name="setUpClass" is-config="true" duration-ms="336" started-at="2020-02-29T12:38:54Z" finished-at="2020-02-29T12:38:55Z">
          <reporter-output>
          </reporter-output>
        </test-method> <!-- setUpClass -->
        <test-method status="PASS" signature="runScenario(io.cucumber.testng.PickleWrapper, io.cucumber.testng.FeatureWrapper)[pri:0, instance:com.testRunner.TestRunner@343f4d3d]" name="runScenario" duration-ms="26913" started-at="2020-02-29T12:38:55Z" description="Runs Cucumber Scenarios" data-provider="scenarios" finished-at="2020-02-29T12:39:22Z">
          <params>
            <param index="0">
              <value>
                <![CDATA["create an account"]]>
              </value>
            </param>
            <param index="1">
              <value>
                <![CDATA["Registration"]]>
              </value>
            </param>
          </params>
          <reporter-output>
          </reporter-output>
        </test-method> <!-- runScenario -->
        <test-method status="PASS" signature="tearDownClass()[pri:0, instance:com.testRunner.TestRunner@343f4d3d]" name="tearDownClass" is-config="true" duration-ms="189" started-at="2020-02-29T12:39:22Z" finished-at="2020-02-29T12:39:22Z">
          <reporter-output>
          </reporter-output>
        </test-method> <!-- tearDownClass -->
      </class> <!-- com.testRunner.TestRunner -->
    </test> <!-- Default test -->
  </suite> <!-- Default suite -->
</testng-results>
